=> s441 ## Movie ## Maggie Simpson in "The Longest Daycare" ## NaN ## [Na] ## United States ## null ## 2012 ## PG ## 5 min ## [Animation,  Comed]
=> s745 ## Movie ## Disney Den Brother ## Mark Taylor ## [Hutch Dano,  G. Hannelius,  Maurice Godin,  David Lambert,  Kelsy Chow,  Debra Moone] ## United States ## null ## 2010 ## TV-G ## 90 min ## [Comedy,  Coming of Ag]
=> s330 ## TV Show ## Coop & Cami Ask The World ## NaN ## [Ruby Turner,  Dakota Lotus,  Olivia Sanabia,  Albert Tsai,  Paxton Booth,  Rebecca Met] ## United States ## null ## 2018 ## TV-G ## 2 Seasons ## [Comedy,  Family,  Kid]
=> s383 ## Movie ## Surviving the Mount St. Helens Disaster ## Sophie Harris ## [Bill Ratne] ## United Kingdom ## null ## 2020 ## TV-PG ## 44 min ## [Animals & Nature,  Documentar]
=> s153 ## TV Show ## Adventures in Wonderland ## NaN ## [Patrick Richwood,  Reece Holland,  John Robert Hoffman,  Wesley Mann,  Harry Waters Jr.,  John Lovelad] ## NaN ## null ## 1996 ## TV-G ## 1 Season ## [Fantasy,  Musica]
=> s1018 ## Movie ## Monsters, Inc. ## Pete Docter ## [John Goodman,  Billy Crystal,  Mary Gibbs,  Steve Buscemi,  James Coburn,  Jennifer Till] ## United States ## null ## 2001 ## G ## 93 min ## [Animation,  Buddy,  Comed]
=> s490 ## Movie ## Maggie Simpson in "Playdate with Destiny" ## David Silverman ## [Na] ## United States ## null ## 2020 ## G ## 5 min ## [Animation,  Comed]
=> s1351 ## Movie ## Z-O-M-B-I-E-S ## Paul Hoen ## [Milo Manheim,  Meg Donnelly,  Trevor Tordjman,  Kylee Russell,  Carla Jeffery,  Kingston Foste] ## United States ## null ## 2018 ## TV-G ## 97 min ## [Coming of Age,  Musical,  Science Fictio]
=> s217 ## TV Show ## The Muppet Show ## NaN ## [Jim Henson,  Frank Oz,  Dave Goelz,  Richard Hunt,  Eren Ozker,  John Lovelad] ## United States, United Kingdom ## null ## 1976 ## TV-PG ## 5 Seasons ## [Comedy,  Family,  Variet]
=> s1122 ## Movie ## Skyrunners ## Ralph Hemecker ## [Kelly Blatz,  Joey Pollari,  Conrad Coates,  Jacqueline Wood,  Nathan Stephenson,  Kerry Laifat] ## United States ## null ## 2009 ## TV-PG ## 93 min ## [Action-Adventure,  Science Fictio]
=> s285 ## Movie ## Home Alone 2: Lost in New York ## Chris Columbus ## [Macaulay Culkin,  Joe Pesci,  Daniel Stern,  John Heard,  Devin Ratray,  Catherine O'Har] ## United States ## null ## 1992 ## PG ## 121 min ## [Comedy,  Famil]
=> s759 ## TV Show ## Disney Lab Rats: Elite Force ## NaN ## [William Brent,  Bradley Perry,  Jake Short,  Paris Berelc,  Kelli Berglun] ## United States ## null ## 2015 ## TV-Y7 ## 1 Season ## [Action-Adventure,  Comedy,  Coming of Ag]
=> s891 ## Movie ## Into the Grand Canyon ## Pete McBride ## [Na] ## United States ## null ## 2019 ## TV-PG ## 82 min ## [Action-Adventure,  Animals & Nature,  Documentar]
=> s987 ## TV Show ## Marvel's Hero Project ## NaN ## [Na] ## United States ## null ## 2019 ## TV-PG ## 1 Season ## [Docuseries,  Famil]
=> s635 ## Movie ## 101 Dalmatians ## Wolfgang Reitherman, Hamilton Luske, Clyde Geronimi ## [Rod Taylor,  J. Pat O'Malley,  Betty Gerson,  Cate Bauer,  Ben Wright,  Fred Worloc] ## United States ## null ## 1961 ## G ## 81 min ## [Action-Adventure,  Animation,  Famil]
=> s1289 ## Movie ## Three Little Pigs ## Burt Gillett ## [Billy Bletcher,  Pinto Colvig,  Dorothy Compton,  Mary Mode] ## United States ## null ## 1933 ## TV-Y7 ## 9 min ## [Animation,  Family,  Kid]
=> s1061 ## TV Show ## Pixar In Real Life ## NaN ## [Na] ## United States ## null ## 2019 ## TV-G ## 1 Season ## [Anthology,  Comedy,  Famil]
=> s37 ## TV Show ## Life Below Zero: Next Generation ## NaN ## [Mocean Melvi] ## United States ## null ## 2020 ## TV-14 ## 2 Seasons ## [Action-Adventure,  Animals & Nature,  Docuserie]
=> s1201 ## Movie ## The Flood ## Brad Bestelink ## [Angela Basset] ## United States ## null ## 2018 ## TV-PG ## 93 min ## [Animals & Nature,  Documentar]
=> s1241 ## Movie ## The Olympic Champ ## Jack Kinney ## [Na] ## United States ## null ## 1942 ## TV-G ## 7 min ## [Animation,  Comedy,  Famil]
=> s1083 ## Movie ## Recess: School's Out ## Chuck Sheetz ## [Rickey Collins,  Jason Davis,  Ashely Johnson,  Andy Lawrence,  Courtland Mead,  Pam Segal] ## United States, Japan ## null ## 2001 ## G ## 87 min ## [Animation,  Comedy,  Famil]
=> s1195 ## Movie ## The Chronicles of Narnia: The Lion, the Witch and the Wardrobe ## Andrew Adamson ## [Georgie Henley,  Skandar Keynes,  William Moseley,  Anna Popplewell,  Tilda Swinton,  James McAvo] ## United Kingdom, United States ## null ## 2005 ## PG ## 147 min ## [Action-Adventure,  Family,  Fantas]
=> s532 ## Movie ## Stargirl ## Julia Hart ## [Grace VanderWaal,  Graham Verchere,  Giancarlo Esposito,  Karan Brar,  Darby Stanchfield,  Maximiliano Hernande] ## United States ## null ## 2020 ## PG ## 107 min ## [Coming of Age,  Drama,  Musica]
=> s1043 ## Movie ## Paris To Pittsburgh ## Sidney Beaumont, Michael Bonfiglio ## [Rachel Brosnaha] ## United States ## null ## 2018 ## TV-PG ## 77 min ## [Documentar]
=> s220 ## Movie ## Rodgers & Hammerstein's Cinderella ## Robert Iscove ## [Brandy Norwood,  Whitney Houston,  Bernadette Peters,  Paolo Montalbán,  Whoopi Goldberg,  Victor Garbe] ## NaN ## null ## 1997 ## G ## 86 min ## [Comedy,  Family,  Fantas]
=> s580 ## Movie ## Cars Toon: Tokyo Mater ## John Lasseter ## [Larry the Cable Guy ,  Keith Ferguson,  Michael Wallis,  Mach Kobayashi,  Robert It] ## United States ## null ## 2008 ## G ## 8 min ## [Animation,  Comedy,  Famil]
=> s912 ## Movie ## Jungle Cat ## James Algar ## [Winston Hible] ## United States ## null ## 1960 ## TV-PG ## 70 min ## [Animals & Nature,  Documentary,  Famil]
=> s948 ## Movie ## Lilo & Stitch 2: Stitch Has a Glitch ## Tony Leondis, Michael LaBash ## [Christopher Sanders,  Dakota Fanning,  Tia Carrere,  David Stiers,  Kevin McDonald,  Kunewa Moo] ## United States ## null ## 2005 ## PG ## 70 min ## [Animation,  Comedy,  Danc]
=> s279 ## Movie ## Planes ## Klay Hall ## [Dane Cook,  Stacy Keach,  Brad Garrett,  Teri Hatcher,  Julia Louis-Dreyfus,  Priyanka Chopr] ## United States ## null ## 2013 ## PG ## 94 min ## [Action-Adventure,  Animation,  Comed]
=> s468 ## TV Show ## Love & Vets ## NaN ## [Mallory Kasda] ## United States ## null ## 2017 ## TV-PG ## 1 Season ## [Animals & Nature,  Docuseries,  Famil]
=> s671 ## Movie ## Beauty and the Beast: The Enchanted Christmas ## Andy Knight ## [Paige O'Hara,  Robby Benson,  Jerry Orbach,  David Stiers,  Bernadette Peters,  Tim Curr] ## Canada, United States ## null ## 1997 ## G ## 73 min ## [Animation,  Family,  Fantas]
=> s641 ## Movie ## A Goofy Movie ## Kevin Lima ## [Bill Farmer,  Jason Marsden,  Jim Cummings,  Kellie Martin,  Rob Paulsen,  Wallace Shaw] ## United States, Australia, France, Canada ## null ## 1995 ## G ## 81 min ## [Action-Adventure,  Animation,  Comed]
=> s32 ## Movie ## Disney Princess Remixed - An Ultimate Princess Celebration ## Napoleon Dumo ## [Txunamy Oriz,  Natalie Peyser,  Dara Reneé,  Frankie Rodriguez,  Julia Lester,  Ruth Righ] ## NaN ## null ## 2021 ## TV-G ## 22 min ## [Family,  Music,  Variet]
=> s732 ## TV Show ## Darkwing Duck ## NaN ## [Jim Cummings,  Christine Cavanaugh,  Terry McGovern,  Frank Welke] ## United States ## null ## 1991 ## TV-Y7 ## 2 Seasons ## [Action-Adventure,  Animation,  Kid]
=> s681 ## Movie ## Boat Builders ## Ben Sharpsteen ## [Na] ## United States ## null ## 1938 ## TV-G ## 8 min ## [Animation,  Comedy,  Famil]
=> s132 ## Movie ## The Little Prince(ss) ## Moxie Peng ## [Kalo Moss,  Ching Yin Ryan Hu,  Evan Lai,  Brian Yang,  Lynn Chen,  Danni Wan] ## NaN ## null ## 2021 ## PG ## 19 min ## [Dram]
=> s995 ## Movie ## Melody Time ## Clyde Geronimi, Jack Kinney, Hamilton Luske ## [Roy Rogers,  Trigger ,  Dennis Day,  The Andrews Sisters ,  Fred Waring and His Pennsylvanians ,  Freddy Marti] ## United States ## null ## 1948 ## TV-PG ## 76 min ## [Animation,  Anthology,  Famil]
=> s1099 ## Movie ## Ruby Bridges ## Euzhan Palcy ## [Penelope Miller,  Kevin Pollak,  Michael Beach,  Jean Kelly,  Peter James,  Patrika Darb] ## United States ## null ## 1998 ## TV-PG ## 90 min ## [Biographical,  Drama,  Historica]
=> s531 ## Movie ## Frozen 2 ## Chris Buck, Jennifer Lee ## [Kristen Bell,  Idina Menzel,  Josh Gad,  Jonathan Groff,  Sterling Brown,  Evan Woo] ## United States ## null ## 2019 ## PG ## 107 min ## [Action-Adventure,  Animation,  Famil]
=> s176 ## TV Show ## Higglytown Heroes ## NaN ## [Frankie Ryan Manriquez,  Taylor Masamitsu,  Liliana Mumy,  Rory Thost,  Edie McClur] ## United States, South Korea ## null ## 2004 ## TV-Y ## 2 Seasons ## [Animation,  Kids,  Musica]
=> s533 ## Movie ## The Finest Hours ## Craig Gillespie ## [Chris Pine,  Casey Affleck,  Ben Foster,  Holliday Grainger,  John Ortiz,  Kyle Gallne] ## United States ## null ## 2016 ## PG-13 ## 119 min ## [Action-Adventure,  Disaster,  Dram]
=> s319 ## TV Show ## Secrets Of The Zoo: Down Under ## NaN ## [Naomi Watt] ## NaN ## null ## 2020 ## TV-14 ## 1 Season ## [Animals & Nature,  Docuseries,  Famil]
=> s1188 ## Movie ## The Brave Little Toaster Goes to Mars ## Robert Ramirez ## [Deanna Oliver,  Tim Stack,  Roger Kabler,  Thurl Ravenscroft,  Eric Lloyd,  Farrah Fawcet] ## United States ## null ## 1998 ## TV-G ## 73 min ## [Action-Adventure,  Animation,  Kid]
=> s614 ## Movie ## One Day at Disney ## Fritz Mitchell ## [Na] ## United States ## null ## 2019 ## TV-PG ## 62 min ## [Documentary,  Famil]
=> s67 ## Movie ## Shark vs. Whale ## NaN ## [Ted Stewar] ## NaN ## null ## 2020 ## TV-PG ## 44 min ## [Animals & Nature,  Documentar]
=> s121 ## Movie ## Red Tails ## Anthony Hemingway ## [Terrence Howard,  Cuba Gooding Jr.,  Nate Parker,  David Oyelowo,  Tristan Wilds,  Ne-Y] ## United States ## null ## 2012 ## PG-13 ## 126 min ## [Action-Adventure,  Drama,  Historica]
=> s370 ## TV Show ## Animal Showdown ## NaN ## [Brian Pec] ## NaN ## null ## 2018 ## TV-G ## 1 Season ## [Animals & Nature,  Docuseries,  Famil]
=> s594 ## Movie ## Marvel Rising: Battle of The Bands ## NaN ## [Dee Baker,  Dove Cameron,  Skai Jackson,  Kathreen Khavari,  Kamil McFadden,  Tyler Pose] ## United States ## null ## 2019 ## TV-Y7 ## 23 min ## [Action-Adventure,  Animation,  Superher]
=> s932 ## TV Show ## LEGO Star Wars: The Freemaker Adventures ## NaN ## [Matt Sloan,  Trevor Devall,  Greg Baldwin,  Michael Daingerfield,  Vanessa Lengies,  Grey Griffi] ## United States ## null ## 2015 ## TV-Y7 ## 2 Seasons ## [Action-Adventure,  Animation,  Comed]
=> s620 ## Movie ## Marvel Rising: Chasing Ghosts ## NaN ## [Dee Baker,  Chloe Bennet,  Dove Cameron,  Skai Jackson,  Kathreen Khavari,  Kamil McFadde] ## United States ## null ## 2019 ## TV-Y7-FV ## 24 min ## [Action-Adventure,  Animation,  Superher]
=> s1211 ## Movie ## The Haunted Mansion ## Rob Minkoff ## [Eddie Murphy,  Terence Stamp,  Nathaniel Parker,  Marsha Thomason,  Jennifer Tilly,  Wallace Shaw] ## United States ## null ## 2003 ## PG ## 89 min ## [Comedy,  Family,  Fantas]
=> s1153 ## Movie ## Super Buddies ## Robert Vince ## [Jeremy Shinder,  Tenzing Trainor,  Ty Panitz,  G. Hannelius,  Cooper Roth,  Colin Hank] ## United States ## null ## 2013 ## G ## 83 min ## [Action-Adventure,  Comedy,  Famil]
=> s850 ## TV Show ## Great Migrations ## NaN ## [Alec Baldwi] ## United States ## null ## 2010 ## TV-PG ## 1 Season ## [Animals & Nature,  Docuseries,  Surviva]
=> s382 ## TV Show ## Muppets Now ## NaN ## [Dave Goelz,  Matt Vogel,  David Rudman,  Peter Linz,  Bill Barretta,  Eric Jacobso] ## United States ## null ## 2020 ## TV-PG ## 1 Season ## [Comedy,  Family,  Lifestyl]
=> s162 ## TV Show ## Earth Moods ## NaN ## [Na] ## NaN ## null ## 2021 ## TV-G ## 1 Season ## [Animals & Nature,  Antholog]
=> s130 ## Movie ## Let's Be Tigers ## Stephanie Abel Horowitz ## [Otmara Marrero,  Dash McCloud,  Greg Worswick,  Mike Milla] ## NaN ## null ## 2021 ## PG ## 15 min ## [Dram]
=> s826 ## Movie ## Frankenweenie (Short) ## Tim Burton ## [Shelley Duvall,  Daniel Stern,  Barret Olive] ## United States ## null ## 1984 ## PG ## 27 min ## [Drama,  Parody,  Science Fictio]
=> s724 ## Movie ## College Road Trip ## Roger Kumble ## [Martin Lawrence,  Raven-Symoné ,  Donny Osmond,  Brenda Song,  Will Sasso,  Eshaya Drape] ## United States ## null ## 2008 ## G ## 84 min ## [Comedy,  Coming of Age,  Famil]
=> s1280 ## Movie ## The Ultimate Christmas Present ## Greg Beeman ## [Hallee Hirsh,  Spencer Breslin,  Hallie Todd,  Brenda Song,  John Salley,  Susan Rutta] ## Canada, United States ## null ## 2000 ## TV-G ## 81 min ## [Comedy,  Coming of Age,  Fantas]
=> s1108 ## Movie ## Sea of Hope: America's Underwater Treasures ## Robert Nixon ## [Max Kenned] ## United States ## null ## 2017 ## TV-PG ## 47 min ## [Action-Adventure,  Animals & Nature,  Documentar]
=> s66 ## Movie ## Shark vs. Surfer ## Phil Stebbing ## [Billy Lloy] ## NaN ## null ## 2020 ## TV-14 ## 44 min ## [Animals & Nature,  Documentar]
=> s1332 ## Movie ## Who Framed Roger Rabbit ## Robert Zemeckis ## [Bob Hoskins,  Christopher Lloyd,  Stubby Kaye,  Joanna Cassidy,  Alan Tilvern,  Richard LeParmentie] ## United States ## null ## 1988 ## PG ## 104 min ## [Action-Adventure,  Animation,  Comed]
=> s536 ## Movie ## Marvel Studios' Black Panther ## Ryan Coogler ## [Chadwick Boseman,  Michael Jordan,  Lupita Nyong'o,  Danai Gurira,  Martin Freeman,  Daniel Kaluuy] ## United States ## null ## 2018 ## PG-13 ## 137 min ## [Action-Adventure,  Science Fiction,  Superher]
=> s947 ## Movie ## Lilo & Stitch ## Christopher Sanders, Dean DeBlois ## [Daveigh Chase,  Christopher Sanders,  Tia Carrere,  David Ogden Stiers,  Kevin McDonald,  Ving Rhame] ## United States ## null ## 2002 ## TV-PG ## 86 min ## [Action-Adventure,  Animation,  Famil]
=> s46 ## TV Show ## Disney Presents Goofy in How to Stay at Home ## NaN ## [Bill Farmer,  Corey Burto] ## NaN ## null ## 2021 ## TV-G ## 1 Season ## [Animation,  Comedy,  Famil]
=> s22 ## TV Show ## Mira, Royal Detective ## NaN ## [Leela Ladnier,  Utkarsh Ambudkar,  Roshni Edwards,  Kal Penn,  Kamran Luca] ## United States ## null ## 2020 ## TV-Y ## 2 Seasons ## [Animation,  Fantasy,  Kid]
=> s1248 ## Movie ## The Princess and the Frog ## John Musker, Ron Clements ## [Anika Rose,  Bruno Campos,  Keith David,  Michael-Leon Wooley,  Jennifer Cody,  Jim Cumming] ## United States ## null ## 2009 ## G ## 99 min ## [Animation,  Comedy,  Famil]
=> s313 ## Movie ## Oil Spill of The Century ## NaN ## [Loïck Peyro] ## NaN ## null ## 2019 ## TV-PG ## 45 min ## [Documentary,  Historica]
=> s980 ## TV Show ## Marvel Ultimate Spider-Man ## NaN ## [Drake Bell,  Chi McBride,  Steven Weber,  J.K. Simmons,  Tom Kenny,  Clark Greg] ## United States ## null ## 2011 ## TV-Y7 ## 4 Seasons ## [Action-Adventure,  Animation,  Fantas]
=> s404 ## Movie ## Diary of a Wimpy Kid: Rodrick Rules ## David Bowers ## [Zachary Gordon,  Devon Bostick,  Rachael Harris,  Robert Capron,  Steve Zah] ## United States ## null ## 2011 ## PG ## 100 min ## [Comedy,  Famil]
=> s348 ## Movie ## Mars: One Day on the Red Planet ## Martin Johnson ## [Nigel Barbe] ## United States ## null ## 2020 ## TV-PG ## 88 min ## [Documentar]
=> s998 ## TV Show ## Mickey Mouse Club (1955-59) ## NaN ## [Na] ## United States ## null ## 1955 ## TV-PG ## 1 Season ## [Family,  Variet]
=> s755 ## TV Show ## Disney Jake and the Never Land Pirates ## NaN ## [Madison Pettis,  Colin Ford,  Jonathan Heit,  David Arquette,  Corey Burto] ## United States ## null ## 2010 ## TV-Y ## 4 Seasons ## [Action-Adventure,  Animation,  Fantas]
=> s68 ## Movie ## Stuntman ## Kurt Mattila ## [Eddie Brau] ## NaN ## null ## 2021 ## TV-14 ## 87 min ## [Documentar]
=> s1222 ## Movie ## The Lion King 1 1/2 ## Bradley Raymond ## [Nathan Lane,  Ernie Sabella,  Julie Kavner,  Jerry Stiller,  Matthew Broderick,  Robert Guillaum] ## Australia, United States ## null ## 2004 ## G ## 80 min ## [Action-Adventure,  Animation,  Comed]
=> s705 ## Movie ## Cars 3 ## Brian Fee ## [Owen Wilson,  Cristela Alonzo,  Chris Cooper,  Nathan Fillion,  Larry the Cable Guy ,  Armie Hamme] ## United States ## null ## 2017 ## G ## 103 min ## [Animation,  Comedy,  Famil]
=> s621 ## Movie ## Marvel Rising: Heart of Iron ## NaN ## [Dee Baker,  Chloe Bennet,  Dove Cameron,  Robbie Daymond,  Kathreen Khavari,  Daisy Lightfoo] ## United States ## null ## 2019 ## TV-Y7 ## 46 min ## [Action-Adventure,  Animation,  Coming of Ag]
=> s752 ## Movie ## Disney Girl vs. Monster ## Stuart Gillard ## [Olivia Holt,  Kerris Dorsey,  Brendan Meyer,  Katherine McNamara,  Adam Chambers,  Tracy Dawso] ## United States, Canada ## null ## 2012 ## TV-PG ## 90 min ## [Action-Adventure,  Comedy,  Fantas]
=> s1221 ## Movie ## The Legend of Mor'du ## Brian Larsen ## [Julie Walters,  Steve Purcell,  Callum O'Neil] ## United States ## null ## 2012 ## TV-G ## 8 min ## [Animation,  Family,  Fantas]
=> s481 ## TV Show ## Tangled: The Series ## NaN ## [Zachary Levi,  Mandy Moore,  Eden Espinosa,  Clancy Brow] ## United States ## null ## 2016 ## TV-Y7 ## 3 Seasons ## [Action-Adventure,  Animation,  Comed]
=> s231 ## Movie ## Isle of Dogs ## Wes Anderson ## [Bryan Cranston,  Koyu Rankin,  Edward Norton,  Bob Balaban,  Jeff Goldblum,  Bill Murra] ## United States, Germany, United Kingdom ## null ## 2018 ## PG-13 ## 102 min ## [Action-Adventure,  Animation,  Comed]
=> s769 ## TV Show ## Disney's Doug ## NaN ## [Connie Shulman,  Doug Preis,  Alice Playten,  Chris Phillips,  Fred Newman,  Thomas McHug] ## United States ## null ## 1996 ## TV-Y7 ## 3 Seasons ## [Animation,  Comedy,  Coming of Ag]
=> s1169 ## Movie ## The Adventures of Huck Finn ## Stephen Sommers ## [Elijah Wood,  Courtney Vance,  Robbie Coltrane,  Jason Robards,  Ron Perlman,  Dana Ive] ## United States ## null ## 1993 ## PG ## 108 min ## [Action-Adventure,  Coming of Age,  Dram]
=> s135 ## TV Show ## Fury Files ## NaN ## [Chi McBrid] ## NaN ## null ## 2013 ## TV-Y7 ## 1 Season ## [Animatio]
=> s662 ## Movie ## Avatar ## James Cameron ## [Sam Worthington,  Zoë Saldana,  Sigourney Weaver,  Stephen Lang,  Michelle Rodriguez,  Giovanni Ribis] ## United States ## null ## 2009 ## PG-13 ## 162 min ## [Action-Adventure,  Science Fictio]
=> s899 ## Movie ## Jack-Jack Attack ## Brad Bird ## [Bret Parker,  Bud Luckey,  Eli Fucile,  Jason Le] ## United States ## null ## 2005 ## G ## 6 min ## [Animation,  Comedy,  Famil]
=> s466 ## Movie ## In Beaver Valley ## James Algar ## [Winston Hible] ## United States ## null ## 1950 ## TV-PG ## 32 min ## [Animals & Nature,  Documentary,  Famil]
=> s287 ## TV Show ## Inside Pixar ## NaN ## [Na] ## United States ## null ## 2020 ## TV-PG ## 1 Season ## [Docuseries,  Famil]
=> s1358 ## Movie ## Blackbeard's Ghost ## Robert Stevenson ## [Peter Ustinov,  Dean Jones,  Suzanne Pleshette,  Elsa Lanchester,  Joby Baker,  Elliott Rei] ## United States ## null ## 1968 ## G ## 107 min ## [Comedy,  Family,  Fantas]
=> s239 ## Movie ## Big Sharks Rule ## NaN ## [Lance Lewma] ## NaN ## null ## 2018 ## TV-14 ## 45 min ## [Animals & Nature,  Documentar]
=> s85 ## Movie ## Flicka ## Michael Mayer ## [Alison Lohman,  Tim McGraw,  Maria Bello,  Ryan Kwanten,  Danny Pino,  Dallas Robert] ## United States, United Kingdom ## null ## 2006 ## PG ## 95 min ## [Animals & Nature,  Coming of Age,  Dram]
=> s389 ## TV Show ## Wild Sri Lanka ## NaN ## [Paul McGan] ## United Kingdom ## null ## 2016 ## TV-PG ## 1 Season ## [Animals & Nature,  Docuserie]
=> s1165 ## Movie ## That Darn Cat! ## Robert Stevenson ## [Hayley Mills,  Dean Jones,  Dorothy Provine,  Roddy McDowall,  Neville Brand,  Elsa Lancheste] ## United States ## null ## 1965 ## G ## 116 min ## [Animals & Nature,  Comedy,  Famil]
=> s272 ## Movie ## From Our Family to Yours ## Angela Affinita ## [Na] ## United Kingdom ## null ## 2020 ## TV-G ## 3 min ## [Animation,  Famil]
=> s608 ## Movie ## Forky Asks a Question: What is a Computer? ## Bob Peterson ## [Tony Hale,  Kristen Schaal,  James Brinkley,  Bob Peterso] ## United States ## null ## 2019 ## TV-G ## 6 min ## [Animation,  Comedy,  Famil]
=> s1001 ## Movie ## Mickey's Christmas Carol ## Burny Mattinson ## [Alan Young,  Wayne Allwine,  Hal Smith,  Will Ryan,  Eddy Carroll,  Patricia Parri] ## United States ## null ## 1983 ## G ## 26 min ## [Animation,  Comedy,  Famil]
=> s1334 ## Movie ## Willow ## Ron Howard ## [Val Kilmer,  Joanne Whalley,  Warwick Davis,  Patricia Hayes,  Gavan O'Herlihy,  Phil Fondacar] ## United States ## null ## 1987 ## PG ## 127 min ## [Action-Adventure,  Family,  Fantas]
=> s233 ## TV Show ## WandaVision ## NaN ## [Elizabeth Olsen,  Paul Bettany,  Teyonah Parris,  Kathryn Hahn,  Randall Park,  Kat Denning] ## United States ## null ## 2021 ## TV-14 ## 1 Season ## [Drama,  Fantasy,  Myster]
=> s880 ## Movie ## How to Build a Better Boy ## Paul Hoen ## [Ashley Argota,  Roger Bart,  Kelli Berglund,  Noah Centineo,  China McClain,  Matt Shivel] ## United States ## null ## 2014 ## TV-G ## 94 min ## [Action-Adventure,  Comedy,  Science Fictio]
=> s1101 ## Movie ## Saludos Amigos ## Bill Roberts, Jack Kinney, Ham Luske ## [Fred Shield] ## United States ## null ## 1943 ## TV-PG ## 42 min ## [Animation,  Comedy,  Famil]
=> s1137 ## TV Show ## Star Wars Rebels (Shorts) ## NaN ## [Na] ## NaN ## null ## 2014 ## TV-Y7 ## 1 Season ## [Action-Adventure,  Animation,  Kid]
=> s1250 ## Movie ## The Princess Diaries 2: Royal Engagement ## Garry Marshall ## [Anne Hathaway,  Heather Matarazzo,  John Rhys-Davies,  Chris Pine,  Callum Blue,  Kathleen Marshal] ## United States ## null ## 2004 ## G ## 114 min ## [Comedy,  Family,  Romanc]
=> s808 ## TV Show ## Even Stevens ## NaN ## [Shia LaBeouf,  Christy Romano,  Nick Spano,  Tom Virtue,  Donna Pesco] ## United States ## null ## 2000 ## TV-PG ## 3 Seasons ## [Comedy,  Coming of Age,  Kid]
=> s225 ## TV Show ## Wicked Tuna: Outer Banks ## NaN ## [Bill Ratne] ## NaN ## null ## 2013 ## TV-14 ## 7 Seasons ## [Animals & Nature,  Docuseries,  Famil]
=> s1102 ## Movie ## Sammy, The Way-Out Seal ## Norman Tokar ## [Jack Carson,  Robert Culp,  Patricia Barry,  Elisabeth Fraser,  Michael McGreevey,  Billy Mumm] ## United States ## null ## 1962 ## TV-G ## 43 min ## [Animals & Nature,  Comedy,  Famil]
=> s228 ## TV Show ## Pixar Popcorn ## NaN ## [Ellen DeGeneres,  Craig T. Nelson,  Holly Hunter,  Keegan-Michael Key,  Jordan Peel] ## United States ## null ## 2021 ## TV-PG ## 1 Season ## [Animation,  Anthology,  Famil]
=> s707 ## Movie ## Cars Toon: Heavy Metal Mater ## John Lasseter ## [Larry the Cable Guy ,  Keith Ferguso] ## United States ## null ## 2010 ## TV-G ## 5 min ## [Animation,  Comedy,  Famil]
=> s994 ## Movie ## Meet the Robinsons ## Stephen Anderson ## [Angela Bassett,  Daniel Hansen,  Jordan Fry,  Matthew Josten,  John Ford,  Dara McGarr] ## United States ## null ## 2007 ## G ## 97 min ## [Action-Adventure,  Animation,  Famil]
=> s718 ## Movie ## Chip an' Dale ## Jack Hannah ## [Na] ## United States ## null ## 1947 ## TV-G ## 7 min ## [Animation,  Comedy,  Famil]
=> s1145 ## Movie ## Star Wars: The Phantom Menace (Episode I) ## George Lucas ## [Liam Neeson,  Ewan McGregor,  Natalie Portman,  Jake Lloyd,  Pernilla August,  Frank O] ## United States ## null ## 1999 ## PG ## 136 min ## [Action-Adventure,  Science Fictio]
=> s141 ## TV Show ## Special Agent Oso ## NaN ## [Sean Astin,  Meghan Strange,  Gary Anthony Williams,  Amber Hood,  Cam Clarke,  Phill Lewi] ## United States, United Kingdom, South Korea ## null ## 2009 ## TV-Y ## 2 Seasons ## [Action-Adventure,  Animation,  Kid]
=> s585 ## Movie ## Drain The Bermuda Triangle ## Jobim Sampson ## [Russell Boulte] ## United States ## null ## 2014 ## TV-PG ## 45 min ## [Documentar]
=> s1090 ## Movie ## Return to Oz ## Walter Murch ## [Nicol Williamson,  Jean Marsh,  Piper Laurie,  Matt Clark,  Fairuza Balk,  Michael Sundi] ## United Kingdom, United States ## null ## 1985 ## PG ## 110 min ## [Action-Adventure,  Family,  Fantas]
=> s520 ## Movie ## Frankenweenie ## Tim Burton ## [Catherine O'Hara,  Martin Short,  Martin Landau,  Charlie Tahan,  Atticus Shaffer,  Winona Ryde] ## United States ## null ## 2012 ## PG ## 88 min ## [Animation,  Drama,  Parod]
=> s896 ## TV Show ## Iron Man Armored Adventures ## NaN ## [Adrian Petriw,  Daniel Bacon,  Anna Cummer,  Mackenzie Gray,  Vincent Ton] ## Canada, United States, United Kingdom, France, Luxembourg ## null ## 2008 ## TV-G ## 2 Seasons ## [Action-Adventure,  Animation,  Coming of Ag]
=> s741 ## Movie ## Disney Adventures in Babysitting ## John Schultz ## [Sabrina Carpenter,  Sofia Carson,  Nikki Hahn,  Mallory Mahoney,  Max Gecowets,  Jet Jurgensmeye] ## United States ## null ## 2016 ## TV-G ## 95 min ## [Action-Adventure,  Comedy,  Coming of Ag]
=> s970 ## Movie ## Marvel Studios' Captain Marvel ## Anna Boden, Ryan Fleck ## [Brie Larson,  Samuel Jackson,  Ben Mendelsohn,  Djimon Hounsou,  Lee Pace,  Lashana Lync] ## United States, Australia ## null ## 2019 ## PG-13 ## 126 min ## [Action-Adventure,  Science Fiction,  Superher]
=> s355 ## Movie ## Magic Camp ## Mark Waters ## [Adam DeVine,  Gillian Jacobs,  Nathaniel McIntyre,  Jeffrey Tambor,  Cole Sand,  Isabella Crovett] ## United States ## null ## 2020 ## PG ## 101 min ## [Comedy,  Famil]
=> s855 ## Movie ## Halloweentown II: Kalabar's Revenge ## Mary Lambert ## [Kimberly Brown,  Judith Hoag,  Daniel Kountz,  Joseph Zimmerman,  Emily Roeske,  Phillip Van Dyk] ## United States ## null ## 2001 ## TV-PG ## 81 min ## [Action-Adventure,  Fantas]
=> s554 ## Movie ## Descendants 3 ## Kenny Ortega ## [Dove Cameron,  Cameron Boyce,  Sofia Carson,  Booboo Stewart,  Mitchell Hope,  Sarah Jeffere] ## United States ## null ## 2019 ## TV-G ## 109 min ## [Coming of Age,  Fantasy,  Musica]
=> s743 ## Movie ## Disney Bad Hair Day ## Érik Canuel ## [Laura Marano,  Leigh-Allyn Baker,  Christian Campbell,  Alain Goulem,  Christian Paul,  Kiana Madeir] ## Canada ## null ## 2015 ## TV-G ## 93 min ## [Buddy,  Comedy,  Coming of Ag]
=> s274 ## TV Show ## Party Animals ## NaN ## [Na] ## NaN ## null ## 2016 ## TV-G ## 1 Season ## [Animals & Nature,  Kids,  Musi]
=> s651 ## Movie ## Almost Angels ## Steve Previn ## [Vincent Winter,  Sean Scully,  Peter Weck,  Hans Holt,  Bruni Löbel,  Fritz Eckhard] ## United States ## null ## 1962 ## TV-PG ## 90 min ## [Coming of Age,  Drama,  Famil]
=> s253 ## Movie ## Into the Woods ## Rob Marshall ## [Meryl Streep,  Emily Blunt,  James Corden,  Anna Kendrick,  Chris Pine,  Tracey Ullma] ## United States ## null ## 2014 ## PG ## 126 min ## [Action-Adventure,  Fantasy,  Musica]
=> s1270 ## TV Show ## The Suite Life of Zack & Cody ## NaN ## [Cole Sprouse,  Dylan Sprouse,  Brenda Song,  Ashley Tisdale,  Phill Lewis,  Kim Rhode] ## United States ## null ## 2004 ## TV-G ## 3 Seasons ## [Action-Adventure,  Comedy,  Coming of Ag]
=> s1343 ## Movie ## World's Greatest Dogs ## NaN ## [Mike Seche] ## United States ## null ## 2015 ## TV-PG ## 44 min ## [Animals & Nature,  Documentary,  Famil]
=> s936 ## Movie ## LEGO Star Wars: The New Yoda Chronicles – Duel of the Skywalkers ## Michael Hegner ## [Tom Kane,  Anthony Daniels,  Matt Sloan,  Trevor Devall,  Kirby Morrow,  Sam Vincen] ## United States ## null ## 2014 ## TV-Y7 ## 24 min ## [Action-Adventure,  Animation,  Comed]
=> s154 ## Movie ## Disney My Music Story SUKIMASWITCH ## Kentaro Takayanagi ## [Takuya Ohashi,  Shintaro Tokit] ## NaN ## null ## 2020 ## TV-PG ## 81 min ## [Biographical,  Documentary,  Musi]
=> s1028 ## TV Show ## My Friends Tigger & Pooh ## NaN ## [Jim Cumming] ## United States ## null ## 2006 ## TV-Y ## 2 Seasons ## [Animation,  Kid]
=> s284 ## Movie ## Home Alone ## Chris Columbus ## [Macaulay Culkin,  Joe Pesci,  Daniel Stern,  John Heard,  Roberts Blossom,  Catherine O'Har] ## United States ## null ## 1990 ## PG ## 103 min ## [Comedy,  Famil]
=> s1258 ## Movie ## The Santa Clause 2 ## Michael Lembeck ## [Tim Allen,  Judge Reinhold,  Wendy Crewson,  Elizabeth Mitchell,  David Krumholtz,  Eric Lloy] ## United States, Canada ## null ## 2002 ## G ## 106 min ## [Comedy,  Family,  Fantas]
=> s63 ## TV Show ## Turning the Tables with Robin Roberts ## NaN ## [Robin Robert] ## NaN ## null ## 2021 ## TV-PG ## 1 Season ## [Talk Sho]
=> s1158 ## Movie ## Tangled Before Ever After ## Tom Caulfield, Stephen Sandoval ## [Zachary Levi,  Mandy Moore,  Eden Espinosa,  Clancy Brown,  Julie Bowen,  Laura Benant] ## United States ## null ## 2017 ## TV-Y7 ## 58 min ## [Animation,  Coming of Age,  Fantas]
=> s86 ## Movie ## Miraculous World: Shanghai, The Legend of Ladydragon ## Thomas Astruc ## [Cristina 'Vee" Valenzuela,  Bryce Papenbrook,  Keith Silverstein,  Carrie Keranen,  Todd Haberkorn,  Max Mittelma] ## NaN ## null ## 2021 ## TV-Y7-FV ## 54 min ## [Animation,  Fantas]
=> s15 ## TV Show ## Miraculous: Tales Of Ladybug & Cat Noir ## NaN ## [Cristina Vee,  Bryce Papenbrook,  Keith Silverstein,  Mela Lee,  Max Mittelman,  Carrie Kerane] ## France, South Korea, Japan, United States ## null ## 2015 ## TV-Y7 ## 1 Season ## [Action-Adventure,  Animation,  Fantas]
=> s903 ## Movie ## Jingle Pols ## NaN ## [Dr. Po] ## NaN ## null ## 2013 ## TV-14 ## 45 min ## [Animals & Nature,  Documentary,  Medica]
=> s1316 ## Movie ## Tron ## Steven Lisberger ## [Jeff Bridges,  Bruce Boxleitner,  David Warner,  Cindy Morgan,  Barnard Hughes,  Dan Sho] ## United States ## null ## 1982 ## PG ## 96 min ## [Action-Adventure,  Family,  Science Fictio]
=> s605 ## Movie ## High School Musical: The Musical: The Series: The Special ## Clayton Cogswell ## [Joshua Bassett,  Olivia Rodrigo,  Sofia Wylie,  Matt Cornett,  Dara Rene] ## United States ## null ## 2019 ## TV-G ## 23 min ## [Coming of Age,  Documentary,  Dram]
=> s337 ## TV Show ## Soy Luna ## NaN ## [Karol Sevilla,  Ruggero Pasquarelli,  Valentina Zenere,  Lucila Gandolfo,  Michael Ronda,  Carolina Kopeliof] ## Argentina, Mexico ## null ## 2015 ## TV-G ## 3 Seasons ## [Comedy,  Coming of Age,  Dram]
=> s1274 ## Movie ## The Three Caballeros ## Norman Ferguson, Clyde Geronimi, Jack Kinney ## [Aurora Miranda,  Carmen Molina,  Sterling Holloway,  Clarence Nash,  Joaquin Garay,  Jose Oliveir] ## United States ## null ## 1945 ## G ## 72 min ## [Animation,  Family,  Musica]
=> s933 ## TV Show ## LEGO Star Wars: The Freemaker Adventures (Shorts) ## NaN ## [Na] ## NaN ## null ## 2016 ## TV-Y7 ## 1 Season ## [Action-Adventure,  Animation,  Comed]
=> s62 ## TV Show ## Minnie's Bow-Toons: Party Palace Pals ## NaN ## [Tress MacNeille,  Nika Futterman,  Kaitlyn Robroc] ## NaN ## null ## 2021 ## TV-Y7 ## 1 Season ## [Animation,  Kid]
=> s129 ## TV Show ## Kingdom of the Polar Bears ## NaN ## [Dennis Compayr] ## NaN ## null ## 2021 ## TV-PG ## 1 Season ## [Animals & Nature,  Docuserie]
=> s1308 ## Movie ## Toy Story Toons: Partysaurus Rex ## Mark Walsh ## [Tom Hanks,  Tim Allen,  Wallace Shawn,  Corey Burton,  Tony Cox,  Don Fullilov] ## United States ## null ## 2012 ## G ## 9 min ## [Animation,  Comedy,  Famil]
=> s1186 ## TV Show ## The Book of Once Upon a Time ## NaN ## [Kate Mulvan] ## NaN ## null ## 2014 ## TV-Y ## 4 Seasons ## [Animation,  Anthology,  Kid]
=> s1216 ## Movie ## The Incredible Journey ## Fletcher Markle ## [Émile Genest,  John Drainie,  Tommy Tweed,  Sandra Scott,  Syme Jago,  Marion Finlayso] ## Canada, United States ## null ## 1963 ## G ## 80 min ## [Action-Adventure,  Animals & Nature,  Famil]
=> s817 ## Movie ## First Kid ## David Evans ## [Sinbad ,  Robert Guillaume,  Timothy Busfield,  Brock Pierce,  James Naughton,  Art Fleu] ## United States ## null ## 1996 ## PG ## 102 min ## [Buddy,  Comedy,  Coming of Ag]
=> s489 ## TV Show ## Disney Playtime with Puppy Dog Pals (Shorts) ## NaN ## [Na] ## NaN ## null ## 2017 ## TV-Y ## 2 Seasons ## [Animation,  Kid]
=> s649 ## Movie ## Aliens of the Deep ## James Cameron, Steven Quale ## [Dr. Anatoly Sagalevitch,  Genya Chernaiev,  Victor Nischeta,  Dr. Pamela Conrad,  Dr. Arthur Lane,  Dr. Jim Childres] ## United States ## null ## 2005 ## G ## 100 min ## [Action-Adventure,  Animals & Nature,  Documentar]
=> s1290 ## Movie ## Three Little Wolves ## Dave Hand ## [Na] ## United States ## null ## 1936 ## TV-Y7 ## 9 min ## [Animation,  Famil]
=> s1127 ## Movie ## Snowball Express ## Norman Tokar ## [Dean Jones,  Nancy Olson,  Harry Morgan,  Keenan Wynn,  Johnny Whitaker,  Michael McGreev] ## United States ## null ## 1972 ## G ## 94 min ## [Comedy,  Family,  Sport]
=> s700 ## Movie ## Can of Worms ## Paul Schneider ## [Michael Shulman,  Erika Christensen,  Adam Wylie,  Andrew Ducote,  Lee Garlington,  Brighton Hertfor] ## United States, Canada ## null ## 1999 ## TV-PG ## 84 min ## [Comedy,  Coming of Age,  Science Fictio]
=> s138 ## TV Show ## Schoolhouse Rock! ## NaN ## [Bob Dorough,  Jack Sheldon,  Lynn Ahrens,  Grady Tate,  Blossom Dearie,  Essra Mohaw] ## United States ## null ## 1973 ## TV-G ## 6 Seasons ## [Animals & Nature,  Animation,  Kid]
=> s714 ## Movie ## Cheetah ## Jeff Blyth ## [Keith Coogan,  Lucy Deakins,  Timothy Landfield,  Breon Gorman,  Collin Mothupi,  Ka Vundl] ## United States ## null ## 1989 ## G ## 84 min ## [Action-Adventure,  Animals & Nature,  Famil]
=> s438 ## TV Show ## The Greeks ## NaN ## [Toby Moor] ## United States ## null ## 2016 ## TV-PG ## 1 Season ## [Docuseries,  Historica]
=> s10 ## Movie ## Flooded Tombs of the Nile ## Katie Bauer Murdock ## [Devin E. Haq] ## NaN ## null ## 2021 ## TV-PG ## 44 min ## [Documentar]
=> s876 ## Movie ## Horse Sense ## Greg Beeman ## [Joey Lawrence,  Andy Lawrence,  Susan Walters,  M.C. Gainey,  Leann Hunley,  Robin Thoma] ## United States ## null ## 1999 ## TV-G ## 92 min ## [Coming of Age,  Dram]
=> s1155 ## TV Show ## TaleSpin ## NaN ## [Charlie Adler,  Jim Cummings,  Ed Gilbert,  Chuck McCann,  Alan Roberts,  Sally Struther] ## United States ## null ## 1990 ## TV-G ## 1 Season ## [Action-Adventure,  Animation,  Kid]
=> s806 ## TV Show ## Encore! ## NaN ## [Kristen Bell,  Roger Love,  Susan Egan,  Ali Stroker,  Stephen Schwart] ## United States ## null ## 2019 ## TV-14 ## 1 Season ## [Music,  Realit]
=> s815 ## Movie ## Finding Dory ## Andrew Stanton, Angus MacLane ## [Ellen DeGeneres,  Albert Brooks,  Ed O'Neill,  Kaitlin Olson,  Hayden Rolence,  Ty Burrel] ## United States ## null ## 2016 ## PG ## 98 min ## [Action-Adventure,  Animation,  Comed]
=> s269 ## Movie ## The Nutcracker and the Four Realms ## Lasse Hallström, Joe Johnston ## [Keira Knightley,  Mackenzie Foy,  Eugenio Derbez,  Jayden Fowora-Knight,  Matthew Macfadyen,  Richard Gran] ## United States ## null ## 2018 ## PG ## 101 min ## [Action-Adventure,  Family,  Fantas]
=> s1150 ## Movie ## Stonehenge Decoded: Secrets Revealed ## Christopher Spencer ## [Craig Sechle] ## United Kingdom ## null ## 2008 ## TV-PG ## 44 min ## [Documentar]
=> s795 ## Movie ## DuckTales The Movie: Treasure of the Lost Lamp ## Bob Hathcock ## [Alan Young,  Terence McGovern,  Russi Taylor,  Richard Libertini,  Christopher Lloyd,  June Fora] ## France, United States ## null ## 1990 ## G ## 75 min ## [Action-Adventure,  Animation,  Comed]
=> s1071 ## Movie ## Pooh's Grand Adventure: The Search for Christopher Robin ## Karl Geurs ## [Jim Cummings,  John Fiedler,  Ken Sansom,  Andre Stojka,  Peter Cullen,  Brady Bluh] ## United States ## null ## 1997 ## TV-G ## 78 min ## [Action-Adventure,  Animation,  Kid]
=> s1033 ## Movie ## Now You See It ## Duwayne Dunham ## [Alyson Michalka,  Johnny Pacar,  Frank Langella,  Brendan Hill,  Chris Olivero,  Gabriel Sunda] ## United States ## null ## 2005 ## TV-G ## 89 min ## [Coming of Age,  Fantas]
=> s147 ## Movie ## Maggie Simpson in "The Force Awakens from its Nap" ## David Silverman ## [Na] ## NaN ## null ## 2021 ## TV-PG ## 4 min ## [Animation,  Comedy,  Parod]
=> s183 ## TV Show ## Star Wars Vintage: Clone Wars 2D Micro-Series ## NaN ## [Mat Lucas,  James Arnold Taylor,  Tom Kane,  Grey DeLisle,  Corey Burton,  André Sogliuzz] ## NaN ## null ## 2021 ## TV-Y7-FV ## 1 Season ## [Serie]
=> s750 ## TV Show ## Disney Family Sundays ## NaN ## [Na] ## United States ## null ## 2019 ## TV-G ## 1 Season ## [Anthology,  Family,  Lifestyl]
=> s296 ## Movie ## Disney Channel Halloween House Party ## Trevor Moore ## [Tobie Windham,  Raphael Alejandro,  Suzi Barrett,  Isaac Ryan Brown,  Kylie Cantrall,  Scarlett Esteve] ## United States ## null ## 2020 ## TV-G ## 23 min ## [Comedy,  Variet]
=> s1139 ## Movie ## Star Wars: Attack of the Clones (Episode II) ## George Lucas ## [Ewan McGregor,  Natalie Portman,  Hayden Christensen,  Frank Oz,  Ian McDiarmid,  Pernilla Augus] ## United States ## null ## 2002 ## PG ## 143 min ## [Action-Adventure,  Science Fictio]
=> s291 ## TV Show ## Fancy Nancy (Shorts) ## NaN ## [Mia Sinclair Jenness,  Dana Heath,  Spencer Moss,  Alyson Hanniga] ## NaN ## null ## 2019 ## TV-Y ## 1 Season ## [Animation,  Kid]
=> s128 ## Movie ## Growing Fangs ## Ann Marie Pace ## [Keyla Monterroso Mejia,  Cristela Alonzo,  Grace Song,  Olivia Sullivent,  Gilberto Ortiz,  Sean Burgo] ## NaN ## null ## 2021 ## TV-PG ## 20 min ## [Coming of Age,  Fantas]
=> s1255 ## Movie ## The Rescuers Down Under ## Hendel Butoy, Mike Gabriel ## [Bob Newhart,  Eva Gabor,  John Candy,  Tristan Rogers,  Adam Ryen,  Wayne Robso] ## United States ## null ## 1990 ## G ## 78 min ## [Action-Adventure,  Animation,  Famil]
=> s1320 ## Movie ## Twas the Night ## Nick Castle ## [Bryan Cranston,  Josh Zuckerman,  Jefferson Mappin,  Brenda Grate,  Rhys Williams,  Barclay Hop] ## United States ## null ## 2001 ## TV-G ## 87 min ## [Comedy,  Crime,  Fantas]
=> s1029 ## Movie ## National Treasure: Book of Secrets ## Jon Turteltaub ## [Nicolas Cage,  Jon Voight,  Harvey Keitel,  Ed Harris,  Diane Kruger,  Justin Barth] ## United States ## null ## 2007 ## PG ## 125 min ## [Action-Adventure,  Mystery,  Thrille]
=> s251 ## Movie ## Dory's Reef Cam ## Michal Makarewicz ## [Na] ## United States ## null ## 2020 ## TV-G ## 182 min ## [Animation,  Famil]
=> s656 ## Movie ## Annie ## Rob Marshall ## [Kathy Bates,  Alan Cumming,  Audra McDonald,  Kristin Chenoweth,  Victor Garber,  Vic Polizo] ## United States ## null ## 1999 ## TV-PG ## 91 min ## [Drama,  Family,  Musica]
=> s715 ## Movie ## Chef Donald ## Jack King ## [Na] ## United States ## null ## 1941 ## TV-G ## 8 min ## [Animation,  Comedy,  Famil]
=> s832 ## Movie ## Fun and Fancy Free ## Jack Kinney, W. Roberts, Hamilton Luske ## [Edgar Bergen,  Dinah Shore,  Luana Patten,  Clarence Nash,  Mickey Mouse,  Cliff Edward] ## United States ## null ## 1947 ## G ## 74 min ## [Action-Adventure,  Animation,  Comed]
=> s414 ## Movie ## Mars and Beyond ## Ward Kimball ## [Walt Disney,  Paul Frees,  Dr. Ernst Stuhlinger,  Dr. Wernher von Braun,  Dr. E.C. Sliphe] ## United States ## null ## 1957 ## TV-G ## 53 min ## [Animation,  Documentary,  Famil]
=> s1119 ## Movie ## Simpsons Movie ## David Silverman ## [Dan Castellaneta,  Julie Kavner,  Nancy Cartwright,  Yeardley Smith,  Harry Shearer,  Hank Azari] ## United States ## null ## 2007 ## PG-13 ## 88 min ## [Action-Adventure,  Animation,  Comed]
=> s483 ## TV Show ## Brain Games ## NaN ## [Neil Harri] ## United States ## null ## 2011 ## TV-G ## 8 Seasons ## [Docuseries,  Family,  Game Show / Competitio]
=> s882 ## Movie ## How to Swim ## Jack Kinney ## [Na] ## United States ## null ## 1942 ## TV-G ## 8 min ## [Animation,  Family,  Parod]
=> s906 ## Movie ## Jonas Brothers: The Concert Experience ## Bruce Hendricks ## [Kevin Jonas,  Joe Jonas,  Nick Jonas,  Demi Lovato,  Taylor Swift,  "Big Feggan] ## United States ## null ## 2009 ## G ## 89 min ## [Concert Film,  Documentary,  Musi]
=> s275 ## TV Show ## Port Protection Alaska ## NaN ## [Gary Muehlberger,  Mary Miller,  Curly Leach,  Sam Carlson,  Stuart Andrews,  David Squib] ## United States ## null ## 2015 ## TV-14 ## 1 Season ## [Docuseries,  Reality,  Surviva]
=> s538 ## Movie ## Disney Phineas and Ferb: Phineas and Ferb Star Wars ## NaN ## [Vincent Martella,  Ashley Tisdale,  Thomas Brodie-Sangster,  Caroline Rhea,  Richard O'Brien,  Dan Povenmir] ## United States ## null ## 2014 ## TV-G ## 53 min ## [Action-Adventure,  Animation,  Musica]
=> s674 ## Movie ## Benji the Hunted ## Joe Camp ## [Red Steagall,  Frank Inn,  Nancy Francis,  Mike Francis,  Joe Camp,  Steve Zanolin] ## United States ## null ## 1987 ## G ## 89 min ## [Action-Adventure,  Animals & Nature,  Famil]
=> s257 ## Movie ## Disney Channel's Epic Holiday Showdown ## NaN ## [Na] ## United States ## null ## 2020 ## TV-G ## 50 min ## [Fantasy,  Variet]
=> s860 ## Movie ## Hatching Pete ## Stuart Gillard ## [Jason Dolley,  Mitchel Musso,  Tiffany Thornton,  Josie Loren,  Sean O'Bryan,  Amy Farringto] ## United States ## null ## 2009 ## TV-G ## 90 min ## [Comedy,  Coming of Ag]
=> s869 ## Movie ## High School Musical 3: Senior Year ## Kenny Ortega ## [Zac Efron,  Vanessa Hudgens,  Ashley Tisdale,  Lucas Grabeel,  Corbin Bleu,  Monique Colema] ## United States ## null ## 2008 ## G ## 121 min ## [Coming of Age,  Family,  Musica]
=> s834 ## TV Show ## Gargoyles ## NaN ## [Thom Hernandez,  Edward Asner,  Jeff Bennett,  Keith David,  Bill Fagerbakke,  Jonathan Frake] ## United States ## null ## 1994 ## TV-Y7 ## 3 Seasons ## [Action-Adventure,  Animation,  Fantas]
=> s51 ## Movie ## Killer Shark vs Killer Whale ## NaN ## [Edward Marcou] ## NaN ## null ## 2021 ## TV-14 ## 44 min ## [Animals & Nature,  Documentar]
=> s1082 ## Movie ## Recess: All Growed Down ## Howy Parkins, Chuck Sheetz ## [Rickey Collins,  Jason Davis,  Ashley Johnson,  Myles Jeffrey,  Andrew Lawrence,  Ross Malinge] ## United States ## null ## 2003 ## G ## 61 min ## [Animation,  Comedy,  Famil]
=> s1026 ## Movie ## Muppets Most Wanted ## James Bobin ## [Ricky Gervais,  Ty Burrell,  Tina Fey,  Steve Whitmire,  Eric Jacobson,  Dave Goel] ## United States ## null ## 2014 ## PG ## 111 min ## [Action-Adventure,  Comedy,  Famil]
=> s480 ## Movie ## The Olympic Elk ## James Algar ## [Winston Hible] ## United States ## null ## 1952 ## TV-G ## 27 min ## [Animals & Nature,  Documentary,  Famil]
=> s433 ## Movie ## Chasing the Equinox ## Kenny Scott ## [Stefan Fran] ## NaN ## null ## 2019 ## TV-PG ## 45 min ## [Documentar]
=> s956 ## Movie ## Mail Dog ## Charles Nichols ## [Na] ## United States ## null ## 1947 ## TV-G ## 7 min ## [Animation,  Comedy,  Famil]
=> s172 ## Movie ## Mark Twain and Me ## Daniel Petrie ## [Jason Robards,  Talia Shire,  R.H. Thomson,  Fiona Reid,  Chris Wiggins,  Amy Stewar] ## Canada, United States ## null ## 1991 ## TV-PG ## 93 min ## [Biographical,  Coming of Age,  Dram]
=> s155 ## TV Show ## DuckTales ## NaN ## [David Tennant,  Danny Pudi,  Ben Schwartz,  Bobby Moynihan,  Kate Micucci,  Tony Anselm] ## United States ## null ## 2017 ## TV-Y7 ## 3 Seasons ## [Action-Adventure,  Animation,  Comed]
=> s207 ## TV Show ## Mickey Go Local ## NaN ## [Azran Bin Ahmad,  Rozita Binti Mohamed Hussain,  Shamsir Bin Mohd Shahar,  Suzana Binti Ahma] ## NaN ## null ## 2019 ## TV-G ## 1 Season ## [Animation,  Comedy,  Kid]
=> s942 ## Movie ## Let it Shine ## Paul Hoen ## [Tyler Williams,  Coco Jones,  Trevor Jackson,  Brandon Smith,  Dawnn Lewis,  Alex Déser] ## United States ## null ## 2012 ## TV-G ## 103 min ## [Coming of Age,  Drama,  Musi]
=> s1203 ## Movie ## The Fox and the Hound 2 ## Jim Kammerud ## [Reba McEntire,  Patrick Swayze,  Jonah Bobo,  Harrison Fahn,  Jeff Foxworthy,  Vicki Lawrenc] ## United States ## null ## 2006 ## G ## 73 min ## [Action-Adventure,  Animation,  Budd]
=> s1254 ## Movie ## The Rescuers ## Wolfgang Reitherman, John Lounsbery, Art Stevens ## [Bob Newhart,  Eva Gabor,  Geraldine Page,  Joe Flynn,  Jeanette Nolan,  Pat Buttra] ## United States ## null ## 1977 ## G ## 78 min ## [Action-Adventure,  Animation,  Comed]
=> s1136 ## TV Show ## Star Wars Rebels ## NaN ## [Taylor Gray,  Vanessa Marshall,  Freddie Prinze Jr.,  Tiya Sircar,  Steve Blum,  C1-10P a.k.a. "Chopper] ## United States ## null ## 2014 ## TV-Y7 ## 4 Seasons ## [Action-Adventure,  Animation,  Kid]
=> s289 ## Movie ## Ultimate Viking Sword ## Peter Yost ## [Jay Sander] ## NaN ## null ## 2019 ## TV-PG ## 45 min ## [Documentary,  Historica]
=> s748 ## TV Show ## Disney DuckTales (Shorts) ## NaN ## [Na] ## NaN ## null ## 2016 ## TV-Y7 ## 1 Season ## [Action-Adventure,  Animation,  Comed]
=> s298 ## Movie ## The Sorcerer's Apprentice ## Jon Turteltaub ## [Nicolas Cage,  Jay Baruchel,  Alfred Molina,  Teresa Palmer,  Monica Bellucci,  Omar Mille] ## United States ## null ## 2010 ## PG ## 111 min ## [Action-Adventure,  Fantas]
=> s524 ## Movie ## The Odd Life of Timothy Green ## Peter Hedges ## [Jennifer Garner,  Joel Edgerton,  Dianne Wiest,  CJ Adams,  Rosemarie DeWitt,  Ron Livingsto] ## United States ## null ## 2012 ## PG ## 106 min ## [Drama,  Family,  Fantas]
=> s478 ## Movie ## Born Wild: The Next Generation ## Liliana Olszewski ## [Robin Robert] ## United States ## null ## 2020 ## TV-PG ## 44 min ## [Animals & Nature,  Documentar]
=> s107 ## TV Show ## Heartland Docs, DVM ## NaN ## [Dr. Erin Schroeder,  Dr. Ben Schroede] ## United States ## null ## 2019 ## TV-14 ## 3 Seasons ## [Animals & Nature,  Docuseries,  Famil]
=> s402 ## Movie ## The Undefeated Presents: Hamilton In-Depth ## NaN ## [Lin-Manuel Miranda,  Thomas Kail,  Renee Goldsberry,  Leslie Odom Jr.,  Daveed Diggs,  Phillipa So] ## United States ## null ## 2020 ## TV-PG ## 33 min ## [Historical,  Musica]
=> s1251 ## Movie ## The Proud Family Movie ## Bruce Smith ## [Tommy Davidson,  Kyla Pratt,  Paula Parker,  Jo Payton,  Orlando Brown,  Soleil Fry] ## United States ## null ## 2005 ## TV-G ## 95 min ## [Animation,  Comedy,  Famil]
=> s1008 ## Movie ## Mike's New Car ## Pete Docter, Roger Gould ## [Billy Crystal,  John Goodma] ## United States ## null ## 2002 ## TV-G ## 5 min ## [Animation,  Buddy,  Comed]
=> s450 ## Movie ## Out ## Steven Hunter ## [Bernadette Sullivan,  Kyle McDaniel,  Caleb Cabrera,  Matthew Marti] ## United States ## null ## 2020 ## PG ## 12 min ## [Animation,  Family,  Fantas]
=> s1306 ## Movie ## Toy Story 3 ## Lee Unkrich ## [Tom Hanks,  Tim Allen,  Joan Cusack,  Don Rickles,  Wallace Shawn,  John Ratzenberge] ## United States ## null ## 2010 ## G ## 103 min ## [Animation,  Comedy,  Dram]
=> s803 ## TV Show ## Elena of Avalor (Shorts) ## NaN ## [Aimee Carrero,  Jenna Ortega,  Maximus Riegel,  Gia Lopez,  Desmond Gerber,  Mick Winger] ## NaN ## null ## 2017 ## TV-Y ## 2 Seasons ## [Action-Adventure,  Animation,  Fantas]
=> s1260 ## Movie ## The Scream Team ## Stuart Gillard ## [Mark Rendall,  Kat Dennings,  Robert Bockstael,  Eric Idle,  Tommy Davidson,  Gary Reinek] ## United States ## null ## 2002 ## TV-PG ## 88 min ## [Comedy,  Fantas]
=> s150 ## TV Show ## The Bad Batch ## NaN ## [Dee Bradley Bake] ## NaN ## null ## 2021 ## TV-PG ## 1 Season ## [Action-Adventure,  Animation,  Science Fictio]
=> s148 ## Movie ## Star Wars Biomes ## NaN ## [Na] ## NaN ## null ## 2021 ## TV-G ## 18 min ## [Science Fictio]
=> s1292 ## Movie ## Three Men and a Little Lady ## Emile Ardolino ## [Tom Selleck,  Steve Guttenberg,  Ted Danson,  Nancy Travis,  Christopher Cazenove,  Fiona Sha] ## United States ## null ## 1990 ## PG ## 104 min ## [Buddy,  Comedy,  Romanc]
=> s1253 ## TV Show ## The Replacements ## NaN ## [Nancy Cartwright,  Grey DeLisle,  Kath Soucie,  Daran Norris,  David McCallum,  Jeff Bennet] ## United States ## null ## 2006 ## TV-G ## 1 Season ## [Animation,  Comedy,  Famil]
=> s1235 ## Movie ## The Muppet Christmas Carol ## Brian Henson ## [Michael Caine,  Steve Whitmire,  Frank Oz,  Dave Goelz,  Jerry Nelson,  David Rudma] ## United States, United Kingdom ## null ## 1992 ## G ## 87 min ## [Comedy,  Drama,  Famil]
=> s1296 ## TV Show ## Timon & Pumbaa ## NaN ## [Quinton Flynn,  Ernie Sabella,  Jim Cummings,  Nathan Lan] ## United States ## null ## 1995 ## TV-Y ## 3 Seasons ## [Animation,  Buddy,  Comed]
=> s195 ## TV Show ## Mexico Untamed ## NaN ## [Juan Monsalve] ## NaN ## null ## 2018 ## TV-PG ## 1 Season ## [Animals & Nature,  Docuserie]
=> s924 ## TV Show ## Lab Rats ## NaN ## [Billy Unger,  Spencer Boldman,  Kelli Berglund,  Tyrel Williams,  Hal Spark] ## United States ## null ## 2011 ## TV-Y7 ## 4 Seasons ## [Action-Adventure,  Comedy,  Coming of Ag]
=> s630 ## Movie ## Forky Asks a Question: What is Art? ## Bob Peterson ## [Tony Hale,  Robin Downes,  Bob Peterso] ## United States ## null ## 2019 ## TV-G ## 7 min ## [Animation,  Comedy,  Famil]
=> s647 ## Movie ## Aladdin: The Return of Jafar ## Toby Shelton, Tad Stones, Alan Zaslove ## [Jason Alexander,  Jeff Bennett,  Val Bettin,  Liz Callaway,  Dan Castellaneta,  Jim Cumming] ## United States ## null ## 1994 ## G ## 71 min ## [Action-Adventure,  Animation,  Famil]
=> s417 ## Movie ## Tarzan II ## Brian Smith ## [Harrison Chad,  George Carlin,  Brad Garrett,  Ron Perlman,  Estelle Harris,  Glenn Clos] ## United States ## null ## 2005 ## G ## 75 min ## [Action-Adventure,  Animation,  Coming of Ag]
=> s40 ## TV Show ## Growing Up Animal ## NaN ## [Tracee Ellis Ros] ## NaN ## null ## 2021 ## TV-PG ## 1 Season ## [Animals & Nature,  Docuseries,  Famil]
=> s299 ## TV Show ## X-Ray Earth ## NaN ## [Na] ## United States ## null ## 2020 ## TV-PG ## 1 Season ## [Animals & Nature,  Docuseries,  Realit]
=> s833 ## Movie ## Fuzzbucket ## Mick Garris ## [Chris Hebert,  Phil Fondacaro,  Joe Regalbuto,  Wendy Phillips,  Robyn Lively,  John Verno] ## United States ## null ## 1986 ## TV-G ## 46 min ## [Buddy,  Comedy,  Coming of Ag]
=> s992 ## Movie ## Mater and the Ghostlight ## John Lasseter ## [Larry the Cable Guy ,  Owen Wilson,  Michael Wallis,  Bonnie Hunt,  Paul Newman,  Cheech Mari] ## United States ## null ## 2006 ## TV-Y7 ## 8 min ## [Animation,  Comedy,  Famil]
=> s701 ## Movie ## Candleshoe ## Norman Tokar ## [David Niven,  Helen Hayes,  Jodie Foster,  Leo McKern,  Vivian Pickles,  Veronica Quilliga] ## United Kingdom, United States ## null ## 1978 ## G ## 101 min ## [Comedy,  Coming of Age,  Crim]
=> s446 ## TV Show ## Doc McStuffins ## NaN ## [Kiara Muhammad,  Jaden Betts,  Jess Harnell,  Kimberly Brooks,  Lara Miller,  Loretta Devin] ## United States, Ireland ## null ## 2011 ## TV-Y7 ## 5 Seasons ## [Animation,  Kids,  Medica]
=> s136 ## TV Show ## Ice Road Rescue ## NaN ## [David Wartnaby,  Bjørn Lægreid,  Thord Paulse] ## United Kingdom ## null ## 2015 ## TV-14 ## 5 Seasons ## [Docuseries,  Reality,  Surviva]
=> s1133 ## TV Show ## Spider-Man Unlimited ## NaN ## [Rino Romano,  Kathleen Barr,  Jim Byrnes,  Garry Chalk,  Paul Dobso] ## United States, Canada ## null ## 1999 ## TV-Y7 ## 1 Season ## [Action-Adventure,  Animation,  Kid]
=> s1277 ## Movie ## The Tortoise and the Hare ## Wilfred Jackson ## [Na] ## United States ## null ## 1935 ## TV-G ## 9 min ## [Animation,  Family,  Sport]
=> s301 ## TV Show ## India From Above ## NaN ## [Dev Pate] ## NaN ## null ## 2019 ## TV-PG ## 1 Season ## [Docuseries,  Realit]
=> s331 ## TV Show ## Europe from Above ## NaN ## [Julian Barrat] ## United Kingdom ## null ## 2019 ## TV-G ## 1 Season ## [Docuseries,  Realit]
=> s847 ## Movie ## Gotta Kick it Up ## Ramon Menendez ## [Camille Guaty,  America Ferrera,  Jhoanna Flores,  Suilma Rodriguez,  Sabrina Wiener,  Miguel Sandova] ## United States ## null ## 2002 ## TV-G ## 85 min ## [Coming of Age,  Dance,  Dram]
=> s918 ## Movie ## Kingdom of the Blue Whale ## NaN ## [Tom Sellec] ## United States ## null ## 2009 ## TV-PG ## 94 min ## [Animals & Nature,  Documentary,  Famil]
=> s1231 ## Movie ## The Love Bug (1969) ## Robert Stevenson ## [Dean Jones,  Michele Lee,  David Tomlinson,  Buddy Hackett,  Joe Flynn,  Benson Fon] ## United States ## null ## 1969 ## G ## 108 min ## [Action-Adventure,  Comedy,  Famil]
=> s1329 ## Movie ## Wendy Wu: Homecoming Warrior ## John Laing ## [Brenda Song,  Shin Koyamada,  Susan Chuang,  Justin Chon,  Michael Cheng,  Andy Fischer-Pric] ## United States ## null ## 2006 ## TV-PG ## 91 min ## [Action-Adventure,  Coming of Age,  Fantas]
=> s104 ## Movie ## Wolfgang ## David Gelb ## [Wolfgang Puc] ## NaN ## null ## 2021 ## TV-PG ## 80 min ## [Biographical,  Documentar]
=> s90 ## Movie ## Shark Gangs ## Jacob Cobi Benattia, Pete Berg, James Buchanan ## [Na] ## NaN ## null ## 2021 ## TV-14 ## 44 min ## [Animals & Nature,  Documentar]
=> s1006 ## Movie ## Mickey's Twice Upon a Christmas ## Matthew O'Callaghan ## [Wayne Allwine,  Tony Anselmo,  Jeff Bennett,  Jim Cummings,  Bill Farmer,  Tress MacNeill] ## United States ## null ## 2004 ## G ## 70 min ## [Animation,  Anthology,  Comed]
=> s1178 ## TV Show ## The Avengers: United They Stand ## NaN ## [Martin Roach,  Rod Wilson,  Lenore Zann,  Ron Rubin,  Hamish McEwan,  Lynda Ballantyn] ## France, Canada, United States ## null ## 1999 ## TV-Y7 ## 1 Season ## [Action-Adventure,  Animation,  Kid]
=> s1294 ## Movie ## Tiger Cruise ## Duwayne Dunham ## [Hayden Panettiere,  Troy Evans,  Bianca Collins,  Nathaniel Lee Jr.,  Nathaniel Lee,  Mercedes Colo] ## United States ## null ## 2004 ## TV-PG ## 88 min ## [Drama,  Famil]
=> s371 ## TV Show ## Best Job Ever ## NaN ## [Na] ## NaN ## null ## 2018 ## TV-G ## 1 Season ## [Animals & Nature,  Docuseries,  Famil]
=> s1287 ## Movie ## Three Blind Mouseketeers ## Dave Hand ## [Pinto Colvig,  Billy Bletche] ## United States ## null ## 1936 ## TV-Y7 ## 9 min ## [Animation,  Family,  Parod]
=> s1163 ## Movie ## Teen Spirit ## Gil Junger ## [Cassie Scerbo,  Lindsey Shaw,  Chris Zylka,  Tim Gunn,  Carissa Capobianco,  Gabriela Lope] ## United States ## null ## 2011 ## TV-14 ## 82 min ## [Buddy,  Comedy,  Coming of Ag]
=> s666 ## Movie ## Bambi II ## Brian Pimental ## [Patrick Stewart,  Alexander Gould,  Keith Ferguson,  Brendon Baerg,  Nicky Jones,  Andrea Bowe] ## United States ## null ## 2006 ## G ## 75 min ## [Animation,  Drama,  Kid]
=> s366 ## Movie ## Star Wars: Galaxy's Edge-Adventure Awaits ## NaN ## [Neil Harris,  Kaley Cuoco,  Oscar Isaac,  Sarah Hyland,  Keegan-Michael Key,  Jay Len] ## United States ## null ## 2019 ## TV-PG ## 81 min ## [Documentary,  Famil]
=> s123 ## Movie ## X-Men Origins: Wolverine ## Gavin Hood ## [Hugh Jackman,  Liev Schreiber,  Danny Huston,  will.i.am ,  Lynn Collins,  Kevin Duran] ## United States, United Kingdom ## null ## 2009 ## PG-13 ## 108 min ## [Action-Adventure,  Family,  Science Fictio]
=> s977 ## Movie ## Marvel Studios' The Avengers ## Joss Whedon ## [Robert Downey Jr.,  Chris Evans,  Mark Ruffalo,  Chris Hemsworth,  Scarlett Johansson,  Jeremy Renne] ## United States ## null ## 2012 ## PG-13 ## 145 min ## [Action-Adventure,  Fantasy,  Science Fictio]
=> s746 ## Movie ## Disney Descendants ## Kenny Ortega ## [Dove Cameron,  Cameron Boyce,  Booboo Stewart,  Sofia Carson,  Mitchell Hope,  Melanie Paxso] ## United States ## null ## 2015 ## TV-G ## 114 min ## [Coming of Age,  Fantasy,  Musica]
=> s445 ## TV Show ## Disney Vampirina ## NaN ## [Isabella Crovetti,  Lauren Graham,  James Van Der Beek,  Jordan Davis,  Wanda Sykes,  Mitchell Whitfiel] ## Ireland, United States ## null ## 2017 ## TV-Y7 ## 2 Seasons ## [Animation,  Fantasy,  Kid]
=> s682 ## Movie ## Bolt ## Chris Williams, Byron Howard ## [John Travolta,  Miley Cyrus,  Susie Essman,  Mark Walton,  Malcolm McDowell,  James Lipto] ## United States ## null ## 2008 ## PG ## 98 min ## [Action-Adventure,  Animation,  Comed]
=> s332 ## Movie ## Ever After: A Cinderella Story ## Andy Tennant ## [Drew Barrymore,  Anjelica Huston,  Dougray Scott,  Patrick Godfrey,  Megan Dodds,  Melanie Lynske] ## United States ## null ## 1998 ## PG-13 ## 122 min ## [Drama,  Romanc]
=> s92 ## TV Show ## When Sharks Attack ## NaN ## [Eric Meyer] ## United States ## null ## 2013 ## TV-14 ## 7 Seasons ## [Realit]
=> s1200 ## Movie ## The Even Stevens Movie ## Sean McNamara ## [Shia LaBeouf,  Christy Romano,  Tom Virtue,  Nick Spano,  Steven Lawrence,  A.J. Traut] ## United States ## null ## 2003 ## TV-G ## 94 min ## [Action-Adventure,  Comed]
=> s1097 ## Movie ## Rogue One: A Star Wars Story ## Gareth Edwards ## [Felicity Jones,  Diego Luna,  Ben Mendelsohn,  Donnie Yen,  Mads Mikkelsen,  Alan Tudy] ## United States ## null ## 2016 ## PG-13 ## 134 min ## [Action-Adventure,  Science Fictio]
=> s603 ## Movie ## Forky Asks a Question: What is a Leader? ## Bob Peterson ## [Tony Hale,  Bonnie Hunt,  Bob Peterso] ## United States ## null ## 2019 ## TV-G ## 6 min ## [Animation,  Comedy,  Famil]
=> s498 ## Movie ## Don's Fountain of Youth ## Jack Hannah ## [Na] ## United States ## null ## 1953 ## TV-G ## 6 min ## [Animation,  Famil]
=> s223 ## Movie ## Expedition Everest ## Katie Bauer Murdock ## [Tate Donova] ## United States ## null ## 2020 ## TV-PG ## 45 min ## [Animals & Nature,  Documentar]
=> s78 ## TV Show ## Shark Attack Files ## NaN ## [Na] ## NaN ## null ## 2021 ## TV-14 ## 1 Season ## [Realit]
=> s943 ## Movie ## Life is Ruff ## Charles Haid ## [Kyle Massey,  Kay Panabaker,  Mitchel Musso,  Carter Jenkins,  Mark Lawrence,  Judith Morelan] ## United States ## null ## 2005 ## TV-G ## 85 min ## [Animals & Nature,  Comedy,  Coming of Ag]
=> s901 ## Movie ## Jane ## Brett Morgen ## [Jane Goodal] ## United States ## null ## 2017 ## PG ## 90 min ## [Animals & Nature,  Biographical,  Documentar]
=> s295 ## Movie ## Prep & Landing: Naughty vs. Nice ## Kevin Deters, Stevie Wermers-Skelton ## [Dave Foley,  Derek Richardson,  Sarah Chalke,  Rob Riggle,  Chris Parnell,  W. Sheppar] ## United States ## null ## 2011 ## TV-G ## 23 min ## [Animation,  Family,  Fantas]
=> s216 ## Movie ## The Book of Life ## Jorge R. Gutiérrez ## [Diego Luna,  Zoe Saldana,  Channing Tatum,  Ron Perlman,  Christina Applegate,  Ice Cub] ## NaN ## null ## 2014 ## PG ## 101 min ## [Action-Adventure,  Animation,  Comed]
=> s110 ## TV Show ## Puppy Dog Pals ## NaN ## [Harland Williams,  Isaac Brown,  Jessica DiCicco,  Sam Lavagnino,  Leslie Baker,  Tara Stron] ## United States, India ## null ## 2016 ## TV-G ## 4 Seasons ## [Animation,  Kid]
=> s1100 ## Movie ## Sacred Planet ## Jon Long ## [Robert Redford,  Arapata McKay,  Tsaan Ciqae,  Mae Tui,  Cy Peck Jr.,  Mutang Uru] ## Canada, Malaysia, United States ## null ## 2004 ## G ## 47 min ## [Animals & Nature,  Documentary,  Famil]
=> s698 ## Movie ## Camp Rock ## Matthew Diamond ## [Demi Lovato,  Joe Jonas,  Meaghan Martin,  Maria Canals-Barrera,  Alyson Stoner,  Julie Brow] ## United States ## null ## 2008 ## TV-G ## 96 min ## [Coming of Age,  Music,  Musica]
=> s1016 ## Movie ## Mom's Got a Date With a Vampire ## Stephen Boyum ## [Matthew O'Leary,  Laura Vandervoort,  Myles Jeffrey,  Caroline Rhea,  Charles Shaughnessy,  Robert Carradin] ## Canada, United States ## null ## 2000 ## TV-PG ## 83 min ## [Comedy,  Fantas]
=> s354 ## TV Show ## Jungle Animal Rescue ## NaN ## [Dan Nachtra] ## United States ## null ## 2019 ## TV-PG ## 1 Season ## [Animals & Nature,  Docuseries,  Famil]
=> s206 ## TV Show ## Dog With a Blog ## NaN ## [G Hannelius,  Blake Michael,  Francesca Capaldi,  Stephen Full,  Regan Burns,  Beth Littlefor] ## United States ## null ## 2012 ## TV-G ## 3 Seasons ## [Comedy,  Fantas]
=> s34 ## Movie ## Underdog ## Frederik Du Chau ## [Jason Lee,  Amy Adams,  Jim Belushi,  Peter Dinklage,  Patrick Warburton,  Alex Neuberge] ## United States ## null ## 2007 ## PG ## 85 min ## [Action-Adventure,  Family,  Parod]
=> s801 ## Movie ## Eddie's Million Dollar Cook-off ## Paul Hoen ## [Taylor Ball,  Orlando Brown,  Reiley McClendon,  Mark Taylor,  Rose McIver,  Kylie Leydo] ## United States ## null ## 2003 ## TV-G ## 86 min ## [Comedy,  Coming of Age,  Sport]
=> s400 ## Movie ## Solo: A Star Wars Story ## Ron Howard ## [Alden Ehrenreich,  Woody Harrelson,  Emilia Clarke,  Donald Glover,  Thandie Newton,  Phoebe Waller-Bridg] ## United States ## null ## 2018 ## PG-13 ## 135 min ## [Action-Adventure,  Crime,  Science Fictio]
=> s429 ## Movie ## The Story of the Animated Drawing ## Wilfred Jackson, William Beaudine ## [Na] ## United States ## null ## 1955 ## TV-PG ## 49 min ## [Documentary,  Famil]
=> s1049 ## Movie ## Peter Pan: Return to Never Land ## Robin Budd ## [Harriet Owen,  Blayne Weaver,  Corey Burton,  Jeff Bennett,  Kath Soucie,  Andrew McDonoug] ## United States, Canada, Australia ## null ## 2002 ## G ## 77 min ## [Action-Adventure,  Animation,  Famil]
=> s425 ## Movie ## Tummy Trouble ## Frank Marshall, Rob Minkoff ## [Charles Fleischer,  April Winchell,  Lou Hirsch,  Corey Burton,  Richard Williams,  Kathleen Turne] ## United States ## null ## 1989 ## TV-G ## 8 min ## [Action-Adventure,  Animation,  Comed]
=> s5 ## TV Show ## Spidey And His Amazing Friends ## NaN ## [Benjamin Valic,  Lily Sanfelippo,  Jakari Fraser,  Dee Bradley Baker,  Melanie Minichin] ## United States ## null ## 2021 ## TV-Y ## 1 Season ## [Action-Adventure,  Animation,  Kid]
=> s1046 ## Movie ## Perri ## N. Paul Kenworthy, Ralph Wright ## [Winston Hible] ## United States ## null ## 1957 ## G ## 75 min ## [Animals & Nature,  Documentary,  Famil]
=> s888 ## Movie ## Inside Out ## Pete Docter ## [Amy Poehler,  Phyllis Smith,  Richard Kind,  Bill Hader,  Lewis Black,  Mindy Kalin] ## United States ## null ## 2015 ## PG ## 95 min ## [Animation,  Coming of Age,  Famil]
=> s993 ## Movie ## Meet the Deedles ## Steve Boyum ## [Paul Walker,  Steve Wormer,  John Ashton,  A.J. Langer,  Robert Englund,  Megan Cavanag] ## United States ## null ## 1998 ## PG ## 94 min ## [Buddy,  Comed]
=> s280 ## Movie ## Planes: Fire & Rescue ## Bobs Gannaway ## [Dane Cook,  Ed Harris,  Julie Bowen,  Curtis Armstrong,  John Higgins,  Hal Holbroo] ## United States ## null ## 2014 ## PG ## 85 min ## [Action-Adventure,  Animation,  Comed]
=> s982 ## TV Show ## Marvel's Ant-Man (Shorts) ## NaN ## [Na] ## United States ## null ## 2016 ## TV-Y7 ## 1 Season ## [Action-Adventure,  Animation,  Comed]
=> s392 ## TV Show ## Disney Junior Music Lullabies ## NaN ## [Na] ## NaN ## null ## 2018 ## TV-Y ## 1 Season ## [Animation,  Kids,  Musi]
=> s824 ## Movie ## Forky Asks a Question: What is Money? ## Bob Peterson ## [Tony Hale,  John Ratzenberger,  Bob Peterso] ## United States ## null ## 2019 ## TV-G ## 6 min ## [Animation,  Comedy,  Famil]
=> s492 ## TV Show ## Tut's Treasures: Hidden Secrets ## NaN ## [Mark Bazele] ## United Kingdom ## null ## 2018 ## TV-PG ## 1 Season ## [Docuseries,  Historica]
=> s1173 ## Movie ## The Apple Dumpling Gang ## Norman Tokar ## [Bill Bixby,  Susan Clark,  Don Knotts,  Tim Conway,  David Wayne,  Slim Picken] ## United States ## null ## 1975 ## G ## 100 min ## [Comedy,  Family,  Wester]
=> s624 ## TV Show ## Supercar Megabuild ## NaN ## [Dom Jol] ## United States ## null ## 2016 ## TV-PG ## 2 Seasons ## [Buddy,  Docuseries,  Lifestyl]
=> s58 ## TV Show ## Chip 'n' Dale: Park Life ## NaN ## [Matthew Géczy,  Kaycie Chase,  Bill Farmer,  Sylvain Carus] ## NaN ## null ## 2021 ## TV-Y7 ## 1 Season ## [Animation,  Buddy,  Comed]
=> s43 ## Movie ## X-Men ## Bryan Singer ## [Patrick Stewart,  Hugh Jackman,  Ian McKellen,  Halle Berry,  Famke Janssen,  James Marsde] ## United States ## null ## 2000 ## PG-13 ## 105 min ## [Action-Adventure,  Family,  Science Fictio]
=> s1076 ## TV Show ## Quack Pack ## NaN ## [Tony Anselmo,  James Avery,  Brian Cummings,  E.G. Daily,  Jeannie Elias,  Pamela Segal] ## United States ## null ## 1996 ## TV-Y ## 1 Season ## [Action-Adventure,  Animation,  Comed]
=> s493 ## Movie ## A Tale of Two Critters ## Jack Speirs ## [Mayf Nutte] ## United States ## null ## 1977 ## G ## 48 min ## [Animals & Nature,  Famil]
=> s1176 ## Movie ## The Art of Skiing ## Jack Kinney ## [John McLeis] ## United States ## null ## 1941 ## TV-G ## 8 min ## [Animation,  Comedy,  Famil]
=> s1166 ## Movie ## The Absent-Minded Professor ## Robert Stevenson ## [Fred MacMurray,  Nancy Olson,  Keenan Wynn,  Tommy Kirk,  Leon Ames,  Elliott Rei] ## United States ## null ## 1961 ## G ## 96 min ## [Comedy,  Family,  Science Fictio]
=> s103 ## TV Show ## The Mysterious Benedict Society ## NaN ## [Tony Hale,  Kristen Schaal,  Mystic Inscho,  Seth Carr,  Marta Kessler,  Emmy DeOliveir] ## United States ## null ## 2021 ## TV-PG ## 1 Season ## [Action-Adventure,  Famil]
