 (Posicao: 12) NAO
 (Posicao: 20) SIM
 (Posicao: 4) NAO
 (Posicao: 18) NAO
 (Posicao: 11) NAO
 (Posicao: 2) NAO
 (Posicao: 18) SIM
 (Posicao: 20) NAO
 (Posicao: 14) NAO
 (Posicao: 4) NAO
 (Posicao: 10) NAO
 (Posicao: 5) NAO
 (Posicao: 15) NAO
 (Posicao: 13) SIM
 (Posicao: 3) SIM
 (Posicao: 0) NAO
 (Posicao: 9) SIM
 (Posicao: 8) NAO
 (Posicao: 9) NAO
 (Posicao: 4) NAO
 (Posicao: 17) NAO
 (Posicao: 9) SIM
 (Posicao: 13) SIM
 (Posicao: 3) SIM
 (Posicao: 9) SIM
 (Posicao: 2) SIM
 (Posicao: 15) NAO
 (Posicao: 5) SIM
 (Posicao: 9) NAO
 (Posicao: 9) NAO
 (Posicao: 0) SIM
 (Posicao: 8) NAO
 (Posicao: 3) SIM
 (Posicao: 5) NAO
 (Posicao: 12) NAO
 (Posicao: 17) NAO
 (Posicao: 14) SIM
 (Posicao: 9) NAO
 (Posicao: 15) SIM
 (Posicao: 18) SIM
 (Posicao: 3) SIM
 (Posicao: 6) NAO
 (Posicao: 4) NAO
 (Posicao: 1) NAO
 (Posicao: 14) NAO
 (Posicao: 19) SIM
 (Posicao: 1) SIM
 (Posicao: 16) NAO
[0] Skyrunners
[0] The Olympic Champ
[0] Stargirl
[0] Disney Presents Goofy in How to Stay at Home
[0] Oil Spill of The Century
[0] The Lion King 1 1/2
[0] Isle of Dogs
[1] Adventures in Wonderland
[1] Jungle Cat
[1] Secrets Of The Zoo: Down Under
[1] Shark vs. Whale
[1] Marvel Rising: Heart of Iron
[1] Big Sharks Rule
[2] Life Below Zero: Next Generation
[2] The Flood
[2] Planes
[2] Love & Vets
[2] A Goofy Movie
[2] Marvel Rising: Battle of The Bands
[3] Monsters, Inc.
[3] Disney Lab Rats: Elite Force
[3] Into the Grand Canyon
[3] 101 Dalmatians
[3] Rodgers & Hammerstein's Cinderella
[3] Super Buddies
[3] The Ultimate Christmas Present
[3] Marvel Ultimate Spider-Man
[3] Jack-Jack Attack
[4] The Legend of Mor'du
[5] Marvel's Hero Project
[5] The Little Prince(ss)
[5] The Brave Little Toaster Goes to Mars
[5] Red Tails
[5] LEGO Star Wars: The Freemaker Adventures
[6] Maggie Simpson in "The Longest Daycare"
[6] The Haunted Mansion
[6] Saludos Amigos
[7] Cars Toon: Tokyo Mater
[7] Disney Princess Remixed - An Ultimate Princess Celebration
[7] Darkwing Duck
[7] Mickey Mouse Club (1955-59)
[8] The Finest Hours
[8] Marvel Studios' Black Panther
[8] Disney's Doug
[8] Fury Files
[8] Willow
[9] Disney Den Brother
[9] Z-O-M-B-I-E-S
[9] The Chronicles of Narnia: The Lion, the Witch and the Wardrobe
[9] Boat Builders
[9] Great Migrations
[9] Shark vs. Surfer
[10] Blackbeard's Ghost
[10] WandaVision
[10] How to Build a Better Boy
[11] Recess: School's Out
[11] Paris To Pittsburgh
[11] Tangled: The Series
[11] Forky Asks a Question: What is a Computer?
[12] Beauty and the Beast: The Enchanted Christmas
[12] Lilo & Stitch
[12] Diary of a Wimpy Kid: Rodrick Rules
[12] That Darn Cat!
[13] Pixar In Real Life
[13] Higglytown Heroes
[13] Animal Showdown
[13] Marvel Rising: Chasing Ghosts
[13] Frankenweenie (Short)
[13] Mira, Royal Detective
[14] Surviving the Mount St. Helens Disaster
[14] One Day at Disney
[14] College Road Trip
[14] The Princess and the Frog
[14] Cars 3
[14] Wild Sri Lanka
[15] Coop & Cami Ask The World
[15] Maggie Simpson in "Playdate with Destiny"
[16] Disney Girl vs. Monster
[16] In Beaver Valley
[17] Frozen 2
[17] Earth Moods
[17] Who Framed Roger Rabbit
[18] Three Little Pigs
[18] Lilo & Stitch 2: Stitch Has a Glitch
[18] Stuntman
[18] Inside Pixar
[19] The Muppet Show
[19] Muppets Now
[19] Let's Be Tigers
[19] Sea of Hope: America's Underwater Treasures
[19] Disney Jake and the Never Land Pirates
[19] Avatar
[19] Flicka
[20] Home Alone 2: Lost in New York
[20] Melody Time
[20] Ruby Bridges
[20] Mars: One Day on the Red Planet
[20] The Adventures of Huck Finn
[20] From Our Family to Yours
[20] Mickey's Christmas Carol
